<?xml version="1.0" encoding="UTF-8"?>
<!-- Generated by org.testng.reporters.JUnitXMLReporter -->
<testsuite ignored="0" hostname="DESKTOP-QEMQ75J" failures="0" tests="3" name="Default test" time="19.124" errors="0" timestamp="2023-03-13T14:33:23 IST">
  <testcase classname="Testng.logintestng" name="login" time="17.698"/>
  <testcase classname="Testng.logintestng" name="action" time="0.212"/>
  <testcase classname="Testng.logintestng" name="close" time="1.16"/>
</testsuite> <!-- Default test -->
