<?xml version="1.0" encoding="UTF-8"?>
<testng-results ignored="0" total="3" passed="3" failed="0" skipped="0">
  <reporter-output>
  </reporter-output>
  <suite started-at="2023-03-13T14:33:04 IST" name="Default suite" finished-at="2023-03-13T14:33:23 IST" duration-ms="19124">
    <groups>
    </groups>
    <test started-at="2023-03-13T14:33:04 IST" name="Default test" finished-at="2023-03-13T14:33:23 IST" duration-ms="19124">
      <class name="Testng.logintestng">
        <test-method signature="login()[pri:0, instance:Testng.logintestng@130161f7]" started-at="2023-03-13T14:33:04 IST" name="login" finished-at="2023-03-13T14:33:22 IST" duration-ms="17698" status="PASS">
          <reporter-output>
          </reporter-output>
        </test-method> <!-- login -->
        <test-method signature="action()[pri:1, instance:Testng.logintestng@130161f7]" started-at="2023-03-13T14:33:22 IST" name="action" finished-at="2023-03-13T14:33:22 IST" duration-ms="212" status="PASS">
          <reporter-output>
          </reporter-output>
        </test-method> <!-- action -->
        <test-method signature="close()[pri:2, instance:Testng.logintestng@130161f7]" started-at="2023-03-13T14:33:22 IST" name="close" finished-at="2023-03-13T14:33:23 IST" duration-ms="1160" status="PASS">
          <reporter-output>
          </reporter-output>
        </test-method> <!-- close -->
      </class> <!-- Testng.logintestng -->
    </test> <!-- Default test -->
  </suite> <!-- Default suite -->
</testng-results>
